<?xml version="1.0" encoding="UTF-8"?>
<testng-results ignored="0" total="3" passed="3" failed="0" skipped="0">
  <reporter-output>
  </reporter-output>
  <suite started-at="2023-03-23T07:55:54 IST" name="Suite" finished-at="2023-03-23T07:56:32 IST" duration-ms="37679">
    <groups>
    </groups>
    <test started-at="2023-03-23T07:55:54 IST" name="Test" finished-at="2023-03-23T07:56:32 IST" duration-ms="37679">
      <class name="scrips.TestCase1">
        <test-method is-config="true" signature="openApp()[pri:0, instance:scrips.TestCase1@793be5ca]" started-at="2023-03-23T07:55:54 IST" name="openApp" finished-at="2023-03-23T07:55:57 IST" duration-ms="2218" status="PASS">
          <reporter-output>
          </reporter-output>
        </test-method> <!-- openApp -->
        <test-method signature="tc1()[pri:0, instance:scrips.TestCase1@793be5ca]" started-at="2023-03-23T07:55:57 IST" name="tc1" finished-at="2023-03-23T07:56:00 IST" duration-ms="3472" status="PASS">
          <reporter-output>
          </reporter-output>
        </test-method> <!-- tc1 -->
        <test-method is-config="true" signature="closeApp(org.testng.ITestResult)[pri:0, instance:scrips.TestCase1@793be5ca]" started-at="2023-03-23T07:56:00 IST" name="closeApp" finished-at="2023-03-23T07:56:00 IST" duration-ms="337" status="PASS">
          <params>
            <param index="0">
              <value>
                <![CDATA[[TestResult name=tc1 status=SUCCESS method=TestCase1.tc1()[pri:0, instance:scrips.TestCase1@793be5ca] output={null}]]]>
              </value>
            </param>
          </params>
          <reporter-output>
          </reporter-output>
        </test-method> <!-- closeApp -->
      </class> <!-- scrips.TestCase1 -->
      <class name="scrips.TestCase3">
        <test-method is-config="true" signature="openApp()[pri:0, instance:scrips.TestCase3@7fee8714]" started-at="2023-03-23T07:56:25 IST" name="openApp" finished-at="2023-03-23T07:56:28 IST" duration-ms="2883" status="PASS">
          <reporter-output>
          </reporter-output>
        </test-method> <!-- openApp -->
        <test-method signature="tc3()[pri:0, instance:scrips.TestCase3@7fee8714]" started-at="2023-03-23T07:56:28 IST" name="tc3" finished-at="2023-03-23T07:56:32 IST" duration-ms="4052" status="PASS">
          <reporter-output>
          </reporter-output>
        </test-method> <!-- tc3 -->
        <test-method is-config="true" signature="closeApp(org.testng.ITestResult)[pri:0, instance:scrips.TestCase3@7fee8714]" started-at="2023-03-23T07:56:32 IST" name="closeApp" finished-at="2023-03-23T07:56:32 IST" duration-ms="371" status="PASS">
          <params>
            <param index="0">
              <value>
                <![CDATA[[TestResult name=tc3 status=SUCCESS method=TestCase3.tc3()[pri:0, instance:scrips.TestCase3@7fee8714] output={null}]]]>
              </value>
            </param>
          </params>
          <reporter-output>
          </reporter-output>
        </test-method> <!-- closeApp -->
      </class> <!-- scrips.TestCase3 -->
      <class name="scrips.TestCase2">
        <test-method is-config="true" signature="openApp()[pri:0, instance:scrips.TestCase2@6da21078]" started-at="2023-03-23T07:56:00 IST" name="openApp" finished-at="2023-03-23T07:56:02 IST" duration-ms="1901" status="PASS">
          <reporter-output>
          </reporter-output>
        </test-method> <!-- openApp -->
        <test-method signature="tc2()[pri:0, instance:scrips.TestCase2@6da21078]" started-at="2023-03-23T07:56:02 IST" name="tc2" finished-at="2023-03-23T07:56:24 IST" duration-ms="22036" status="PASS">
          <reporter-output>
          </reporter-output>
        </test-method> <!-- tc2 -->
        <test-method is-config="true" signature="closeApp(org.testng.ITestResult)[pri:0, instance:scrips.TestCase2@6da21078]" started-at="2023-03-23T07:56:24 IST" name="closeApp" finished-at="2023-03-23T07:56:25 IST" duration-ms="374" status="PASS">
          <params>
            <param index="0">
              <value>
                <![CDATA[[TestResult name=tc2 status=SUCCESS method=TestCase2.tc2()[pri:0, instance:scrips.TestCase2@6da21078] output={null}]]]>
              </value>
            </param>
          </params>
          <reporter-output>
          </reporter-output>
        </test-method> <!-- closeApp -->
      </class> <!-- scrips.TestCase2 -->
    </test> <!-- Test -->
  </suite> <!-- Suite -->
</testng-results>
